<?xml version="1.0" encoding="UTF-8"?>
<coverage generated="1712515291492" clover="3.2.0">
  <project timestamp="1712515291494" name="All files">
    <metrics statements="94" coveredstatements="58" conditionals="44" coveredconditionals="20" methods="22" coveredmethods="18" elements="160" coveredelements="96" complexity="0" loc="94" ncloc="94" packages="2" files="6" classes="6"/>
    <package name="src">
      <metrics statements="63" coveredstatements="27" conditionals="26" coveredconditionals="4" methods="11" coveredmethods="7"/>
      <file name="App.js" path="C:\Users\glasm\OneDrive\Documents\Course\meet\src\App.js">
        <metrics statements="16" coveredstatements="15" conditionals="4" coveredconditionals="3" methods="4" coveredmethods="4"/>
        <line num="10" count="3" type="stmt"/>
        <line num="11" count="13" type="stmt"/>
        <line num="12" count="11" type="stmt"/>
        <line num="13" count="11" type="stmt"/>
        <line num="14" count="11" type="stmt"/>
        <line num="19" count="11" type="stmt"/>
        <line num="20" count="7" type="cond" truecount="1" falsecount="1"/>
        <line num="21" count="7" type="stmt"/>
        <line num="23" count="0" type="stmt"/>
        <line num="25" count="7" type="stmt"/>
        <line num="28" count="11" type="stmt"/>
        <line num="29" count="7" type="stmt"/>
        <line num="30" count="35" type="cond" truecount="2" falsecount="0"/>
        <line num="31" count="7" type="stmt"/>
        <line num="32" count="7" type="stmt"/>
        <line num="35" count="11" type="stmt"/>
      </file>
      <file name="api.js" path="C:\Users\glasm\OneDrive\Documents\Course\meet\src\api.js">
        <metrics statements="46" coveredstatements="11" conditionals="22" coveredconditionals="1" methods="7" coveredmethods="3"/>
        <line num="11" count="5" type="stmt"/>
        <line num="12" count="350" type="stmt"/>
        <line num="13" count="10" type="stmt"/>
        <line num="14" count="10" type="stmt"/>
        <line num="29" count="5" type="stmt"/>
        <line num="31" count="0" type="stmt"/>
        <line num="33" count="0" type="cond" truecount="0" falsecount="2"/>
        <line num="35" count="0" type="cond" truecount="0" falsecount="4"/>
        <line num="36" count="0" type="stmt"/>
        <line num="37" count="0" type="stmt"/>
        <line num="38" count="0" type="stmt"/>
        <line num="39" count="0" type="cond" truecount="0" falsecount="2"/>
        <line num="40" count="0" type="stmt"/>
        <line num="43" count="0" type="stmt"/>
        <line num="44" count="0" type="stmt"/>
        <line num="45" count="0" type="stmt"/>
        <line num="47" count="0" type="cond" truecount="0" falsecount="2"/>
        <line num="49" count="0" type="stmt"/>
        <line num="54" count="5" type="stmt"/>
        <line num="55" count="0" type="stmt"/>
        <line num="58" count="0" type="stmt"/>
        <line num="59" count="0" type="stmt"/>
        <line num="64" count="5" type="stmt"/>
        <line num="65" count="13" type="cond" truecount="1" falsecount="1"/>
        <line num="66" count="13" type="stmt"/>
        <line num="69" count="0" type="stmt"/>
        <line num="71" count="0" type="cond" truecount="0" falsecount="2"/>
        <line num="72" count="0" type="stmt"/>
        <line num="73" count="0" type="stmt"/>
        <line num="74" count="0" type="stmt"/>
        <line num="75" count="0" type="stmt"/>
        <line num="76" count="0" type="cond" truecount="0" falsecount="2"/>
        <line num="77" count="0" type="stmt"/>
        <line num="78" count="0" type="stmt"/>
        <line num="82" count="5" type="stmt"/>
        <line num="84" count="0" type="cond" truecount="0" falsecount="4"/>
        <line num="85" count="0" type="stmt"/>
        <line num="90" count="0" type="stmt"/>
        <line num="92" count="0" type="stmt"/>
        <line num="93" count="0" type="stmt"/>
        <line num="97" count="5" type="stmt"/>
        <line num="98" count="0" type="stmt"/>
        <line num="99" count="0" type="stmt"/>
        <line num="102" count="0" type="stmt"/>
        <line num="103" count="0" type="cond" truecount="0" falsecount="2"/>
        <line num="105" count="0" type="stmt"/>
      </file>
      <file name="mock-data.js" path="C:\Users\glasm\OneDrive\Documents\Course\meet\src\mock-data.js">
        <metrics statements="1" coveredstatements="1" conditionals="0" coveredconditionals="0" methods="0" coveredmethods="0"/>
        <line num="3" count="5" type="stmt"/>
      </file>
    </package>
    <package name="src.components">
      <metrics statements="31" coveredstatements="31" conditionals="18" coveredconditionals="16" methods="11" coveredmethods="11"/>
      <file name="CitySearch.js" path="C:\Users\glasm\OneDrive\Documents\Course\meet\src\components\CitySearch.js">
        <metrics statements="20" coveredstatements="20" conditionals="4" coveredconditionals="3" methods="7" coveredmethods="7"/>
        <line num="4" count="3" type="stmt"/>
        <line num="5" count="57" type="stmt"/>
        <line num="6" count="57" type="stmt"/>
        <line num="7" count="57" type="stmt"/>
        <line num="8" count="57" type="stmt"/>
        <line num="9" count="18" type="stmt"/>
        <line num="10" count="18" type="cond" truecount="1" falsecount="1"/>
        <line num="11" count="36" type="stmt"/>
        <line num="14" count="18" type="stmt"/>
        <line num="15" count="18" type="stmt"/>
        <line num="19" count="57" type="stmt"/>
        <line num="20" count="2" type="stmt"/>
        <line num="21" count="2" type="stmt"/>
        <line num="22" count="2" type="stmt"/>
        <line num="23" count="2" type="stmt"/>
        <line num="26" count="57" type="stmt"/>
        <line num="27" count="16" type="stmt"/>
        <line num="30" count="57" type="stmt"/>
        <line num="34" count="5" type="stmt"/>
        <line num="38" count="26" type="stmt"/>
      </file>
      <file name="Event.js" path="C:\Users\glasm\OneDrive\Documents\Course\meet\src\components\Event.js">
        <metrics statements="4" coveredstatements="4" conditionals="14" coveredconditionals="13" methods="2" coveredmethods="2"/>
        <line num="7" count="4" type="stmt"/>
        <line num="8" count="188" type="stmt"/>
        <line num="9" count="188" type="stmt"/>
        <line num="19" count="1" type="cond" truecount="1" falsecount="1"/>
      </file>
      <file name="NumberOfEvents.js" path="C:\Users\glasm\OneDrive\Documents\Course\meet\src\components\NumberOfEvents.js">
        <metrics statements="7" coveredstatements="7" conditionals="0" coveredconditionals="0" methods="2" coveredmethods="2"/>
        <line num="4" count="4" type="stmt"/>
        <line num="7" count="20" type="stmt"/>
        <line num="10" count="20" type="stmt"/>
        <line num="11" count="5" type="stmt"/>
        <line num="12" count="5" type="stmt"/>
        <line num="13" count="5" type="stmt"/>
        <line num="16" count="20" type="stmt"/>
      </file>
    </package>
  </project>
</coverage>
