{"C:\\Users\\glasm\\OneDrive\\Documents\\Course\\meet\\src\\App.js": {"path":"C:\\Users\\glasm\\OneDrive\\Documents\\Course\\meet\\src\\App.js","statementMap":{"0":{"start":{"line":10,"column":12},"end":{"line":52,"column":1}},"1":{"start":{"line":11,"column":30},"end":{"line":11,"column":42}},"2":{"start":{"line":12,"column":38},"end":{"line":12,"column":50}},"3":{"start":{"line":13,"column":42},"end":{"line":13,"column":54}},"4":{"start":{"line":14,"column":40},"end":{"line":14,"column":66}},"5":{"start":{"line":19,"column":2},"end":{"line":26,"column":32}},"6":{"start":{"line":20,"column":4},"end":{"line":24,"column":5}},"7":{"start":{"line":21,"column":6},"end":{"line":21,"column":22}},"8":{"start":{"line":23,"column":6},"end":{"line":23,"column":80}},"9":{"start":{"line":25,"column":4},"end":{"line":25,"column":16}},"10":{"start":{"line":28,"column":20},"end":{"line":33,"column":3}},"11":{"start":{"line":29,"column":22},"end":{"line":29,"column":39}},"12":{"start":{"line":30,"column":27},"end":{"line":30,"column":131}},"13":{"start":{"line":30,"column":100},"end":{"line":30,"column":130}},"14":{"start":{"line":31,"column":4},"end":{"line":31,"column":51}},"15":{"start":{"line":32,"column":4},"end":{"line":32,"column":49}},"16":{"start":{"line":35,"column":2},"end":{"line":51,"column":4}}},"fnMap":{"0":{"name":"(anonymous_0)","decl":{"start":{"line":10,"column":12},"end":{"line":10,"column":13}},"loc":{"start":{"line":10,"column":18},"end":{"line":52,"column":1}},"line":10},"1":{"name":"(anonymous_1)","decl":{"start":{"line":19,"column":12},"end":{"line":19,"column":13}},"loc":{"start":{"line":19,"column":18},"end":{"line":26,"column":3}},"line":19},"2":{"name":"(anonymous_2)","decl":{"start":{"line":28,"column":20},"end":{"line":28,"column":21}},"loc":{"start":{"line":28,"column":32},"end":{"line":33,"column":3}},"line":28},"3":{"name":"(anonymous_3)","decl":{"start":{"line":30,"column":91},"end":{"line":30,"column":92}},"loc":{"start":{"line":30,"column":100},"end":{"line":30,"column":130}},"line":30}},"branchMap":{"0":{"loc":{"start":{"line":20,"column":4},"end":{"line":24,"column":5}},"type":"if","locations":[{"start":{"line":20,"column":4},"end":{"line":24,"column":5}},{"start":{"line":22,"column":11},"end":{"line":24,"column":5}}],"line":20},"1":{"loc":{"start":{"line":30,"column":27},"end":{"line":30,"column":131}},"type":"cond-expr","locations":[{"start":{"line":30,"column":62},"end":{"line":30,"column":71}},{"start":{"line":30,"column":74},"end":{"line":30,"column":131}}],"line":30}},"s":{"0":3,"1":13,"2":11,"3":11,"4":11,"5":11,"6":7,"7":7,"8":0,"9":7,"10":11,"11":7,"12":7,"13":35,"14":7,"15":7,"16":11},"f":{"0":13,"1":7,"2":7,"3":35},"b":{"0":[7,0],"1":[6,1]},"_coverageSchema":"1a1c01bbd47fc00a2c39e90264f33305004495a9","hash":"cc43c937b4822daddf0ba912b01c1d7c254375d0"}
,"C:\\Users\\glasm\\OneDrive\\Documents\\Course\\meet\\src\\api.js": {"path":"C:\\Users\\glasm\\OneDrive\\Documents\\Course\\meet\\src\\api.js","statementMap":{"0":{"start":{"line":11,"column":32},"end":{"line":15,"column":1}},"1":{"start":{"line":12,"column":31},"end":{"line":12,"column":68}},"2":{"start":{"line":12,"column":53},"end":{"line":12,"column":67}},"3":{"start":{"line":13,"column":22},"end":{"line":13,"column":54}},"4":{"start":{"line":14,"column":4},"end":{"line":14,"column":21}},"5":{"start":{"line":29,"column":30},"end":{"line":50,"column":1}},"6":{"start":{"line":31,"column":24},"end":{"line":31,"column":60}},"7":{"start":{"line":33,"column":23},"end":{"line":33,"column":69}},"8":{"start":{"line":35,"column":4},"end":{"line":48,"column":5}},"9":{"start":{"line":36,"column":8},"end":{"line":36,"column":54}},"10":{"start":{"line":37,"column":29},"end":{"line":37,"column":72}},"11":{"start":{"line":38,"column":21},"end":{"line":38,"column":51}},"12":{"start":{"line":39,"column":8},"end":{"line":46,"column":9}},"13":{"start":{"line":40,"column":29},"end":{"line":42,"column":13}},"14":{"start":{"line":43,"column":27},"end":{"line":43,"column":48}},"15":{"start":{"line":44,"column":32},"end":{"line":44,"column":38}},"16":{"start":{"line":45,"column":12},"end":{"line":45,"column":52}},"17":{"start":{"line":47,"column":8},"end":{"line":47,"column":38}},"18":{"start":{"line":49,"column":4},"end":{"line":49,"column":23}},"19":{"start":{"line":54,"column":19},"end":{"line":60,"column":1}},"20":{"start":{"line":55,"column":21},"end":{"line":57,"column":5}},"21":{"start":{"line":58,"column":19},"end":{"line":58,"column":40}},"22":{"start":{"line":59,"column":4},"end":{"line":59,"column":18}},"23":{"start":{"line":64,"column":25},"end":{"line":80,"column":1}},"24":{"start":{"line":65,"column":4},"end":{"line":67,"column":5}},"25":{"start":{"line":66,"column":8},"end":{"line":66,"column":24}},"26":{"start":{"line":69,"column":18},"end":{"line":69,"column":40}},"27":{"start":{"line":71,"column":4},"end":{"line":79,"column":5}},"28":{"start":{"line":72,"column":8},"end":{"line":72,"column":22}},"29":{"start":{"line":73,"column":20},"end":{"line":73,"column":112}},"30":{"start":{"line":74,"column":25},"end":{"line":74,"column":41}},"31":{"start":{"line":75,"column":23},"end":{"line":75,"column":44}},"32":{"start":{"line":76,"column":8},"end":{"line":78,"column":27}},"33":{"start":{"line":77,"column":12},"end":{"line":77,"column":33}},"34":{"start":{"line":78,"column":15},"end":{"line":78,"column":27}},"35":{"start":{"line":82,"column":20},"end":{"line":95,"column":1}},"36":{"start":{"line":84,"column":4},"end":{"line":94,"column":5}},"37":{"start":{"line":85,"column":8},"end":{"line":89,"column":37}},"38":{"start":{"line":90,"column":8},"end":{"line":90,"column":49}},"39":{"start":{"line":92,"column":8},"end":{"line":92,"column":72}},"40":{"start":{"line":93,"column":8},"end":{"line":93,"column":49}},"41":{"start":{"line":97,"column":17},"end":{"line":106,"column":1}},"42":{"start":{"line":98,"column":23},"end":{"line":98,"column":47}},"43":{"start":{"line":99,"column":21},"end":{"line":101,"column":5}},"44":{"start":{"line":102,"column":29},"end":{"line":102,"column":50}},"45":{"start":{"line":103,"column":4},"end":{"line":103,"column":71}},"46":{"start":{"line":105,"column":4},"end":{"line":105,"column":24}}},"fnMap":{"0":{"name":"(anonymous_0)","decl":{"start":{"line":11,"column":32},"end":{"line":11,"column":33}},"loc":{"start":{"line":11,"column":44},"end":{"line":15,"column":1}},"line":11},"1":{"name":"(anonymous_1)","decl":{"start":{"line":12,"column":42},"end":{"line":12,"column":43}},"loc":{"start":{"line":12,"column":53},"end":{"line":12,"column":67}},"line":12},"2":{"name":"(anonymous_2)","decl":{"start":{"line":29,"column":30},"end":{"line":29,"column":31}},"loc":{"start":{"line":29,"column":42},"end":{"line":50,"column":1}},"line":29},"3":{"name":"(anonymous_3)","decl":{"start":{"line":54,"column":19},"end":{"line":54,"column":20}},"loc":{"start":{"line":54,"column":42},"end":{"line":60,"column":1}},"line":54},"4":{"name":"(anonymous_4)","decl":{"start":{"line":64,"column":25},"end":{"line":64,"column":26}},"loc":{"start":{"line":64,"column":37},"end":{"line":80,"column":1}},"line":64},"5":{"name":"(anonymous_5)","decl":{"start":{"line":82,"column":20},"end":{"line":82,"column":21}},"loc":{"start":{"line":82,"column":26},"end":{"line":95,"column":1}},"line":82},"6":{"name":"(anonymous_6)","decl":{"start":{"line":97,"column":17},"end":{"line":97,"column":18}},"loc":{"start":{"line":97,"column":33},"end":{"line":106,"column":1}},"line":97}},"branchMap":{"0":{"loc":{"start":{"line":33,"column":23},"end":{"line":33,"column":69}},"type":"binary-expr","locations":[{"start":{"line":33,"column":23},"end":{"line":33,"column":34}},{"start":{"line":33,"column":39},"end":{"line":33,"column":68}}],"line":33},"1":{"loc":{"start":{"line":35,"column":4},"end":{"line":48,"column":5}},"type":"if","locations":[{"start":{"line":35,"column":4},"end":{"line":48,"column":5}},{"start":{},"end":{}}],"line":35},"2":{"loc":{"start":{"line":35,"column":8},"end":{"line":35,"column":40}},"type":"binary-expr","locations":[{"start":{"line":35,"column":8},"end":{"line":35,"column":20}},{"start":{"line":35,"column":24},"end":{"line":35,"column":40}}],"line":35},"3":{"loc":{"start":{"line":39,"column":8},"end":{"line":46,"column":9}},"type":"if","locations":[{"start":{"line":39,"column":8},"end":{"line":46,"column":9}},{"start":{},"end":{}}],"line":39},"4":{"loc":{"start":{"line":47,"column":15},"end":{"line":47,"column":37}},"type":"binary-expr","locations":[{"start":{"line":47,"column":15},"end":{"line":47,"column":19}},{"start":{"line":47,"column":23},"end":{"line":47,"column":37}}],"line":47},"5":{"loc":{"start":{"line":65,"column":4},"end":{"line":67,"column":5}},"type":"if","locations":[{"start":{"line":65,"column":4},"end":{"line":67,"column":5}},{"start":{},"end":{}}],"line":65},"6":{"loc":{"start":{"line":71,"column":4},"end":{"line":79,"column":5}},"type":"if","locations":[{"start":{"line":71,"column":4},"end":{"line":79,"column":5}},{"start":{},"end":{}}],"line":71},"7":{"loc":{"start":{"line":76,"column":8},"end":{"line":78,"column":27}},"type":"if","locations":[{"start":{"line":76,"column":8},"end":{"line":78,"column":27}},{"start":{"line":78,"column":15},"end":{"line":78,"column":27}}],"line":76},"8":{"loc":{"start":{"line":84,"column":4},"end":{"line":94,"column":5}},"type":"if","locations":[{"start":{"line":84,"column":4},"end":{"line":94,"column":5}},{"start":{"line":91,"column":11},"end":{"line":94,"column":5}}],"line":84},"9":{"loc":{"start":{"line":84,"column":8},"end":{"line":84,"column":60}},"type":"binary-expr","locations":[{"start":{"line":84,"column":8},"end":{"line":84,"column":32}},{"start":{"line":84,"column":36},"end":{"line":84,"column":60}}],"line":84},"10":{"loc":{"start":{"line":103,"column":4},"end":{"line":103,"column":70}},"type":"binary-expr","locations":[{"start":{"line":103,"column":4},"end":{"line":103,"column":16}},{"start":{"line":103,"column":20},"end":{"line":103,"column":70}}],"line":103}},"s":{"0":5,"1":10,"2":350,"3":10,"4":10,"5":5,"6":0,"7":0,"8":0,"9":0,"10":0,"11":0,"12":0,"13":0,"14":0,"15":0,"16":0,"17":0,"18":0,"19":5,"20":0,"21":0,"22":0,"23":5,"24":13,"25":13,"26":0,"27":0,"28":0,"29":0,"30":0,"31":0,"32":0,"33":0,"34":0,"35":5,"36":0,"37":0,"38":0,"39":0,"40":0,"41":5,"42":0,"43":0,"44":0,"45":0,"46":0},"f":{"0":10,"1":350,"2":0,"3":0,"4":13,"5":0,"6":0},"b":{"0":[0,0],"1":[0,0],"2":[0,0],"3":[0,0],"4":[0,0],"5":[13,0],"6":[0,0],"7":[0,0],"8":[0,0],"9":[0,0],"10":[0,0]},"_coverageSchema":"1a1c01bbd47fc00a2c39e90264f33305004495a9","hash":"aefbf1a3f48afc85e7ff989046bd78b6cb12d744"}
,"C:\\Users\\glasm\\OneDrive\\Documents\\Course\\meet\\src\\mock-data.js": {"path":"C:\\Users\\glasm\\OneDrive\\Documents\\Course\\meet\\src\\mock-data.js","statementMap":{"0":{"start":{"line":3,"column":17},"end":{"line":1369,"column":1}}},"fnMap":{},"branchMap":{},"s":{"0":5},"f":{},"b":{},"_coverageSchema":"1a1c01bbd47fc00a2c39e90264f33305004495a9","hash":"a82286a81b465861e74126cbbd1f5c4d627d7930"}
,"C:\\Users\\glasm\\OneDrive\\Documents\\Course\\meet\\src\\components\\CitySearch.js": {"path":"C:\\Users\\glasm\\OneDrive\\Documents\\Course\\meet\\src\\components\\CitySearch.js","statementMap":{"0":{"start":{"line":4,"column":19},"end":{"line":47,"column":1}},"1":{"start":{"line":5,"column":50},"end":{"line":5,"column":65}},"2":{"start":{"line":6,"column":30},"end":{"line":6,"column":42}},"3":{"start":{"line":7,"column":42},"end":{"line":7,"column":54}},"4":{"start":{"line":8,"column":31},"end":{"line":18,"column":5}},"5":{"start":{"line":9,"column":22},"end":{"line":9,"column":40}},"6":{"start":{"line":10,"column":34},"end":{"line":12,"column":15}},"7":{"start":{"line":11,"column":12},"end":{"line":11,"column":76}},"8":{"start":{"line":14,"column":8},"end":{"line":14,"column":24}},"9":{"start":{"line":15,"column":8},"end":{"line":15,"column":42}},"10":{"start":{"line":19,"column":30},"end":{"line":25,"column":5}},"11":{"start":{"line":20,"column":22},"end":{"line":20,"column":46}},"12":{"start":{"line":21,"column":8},"end":{"line":21,"column":24}},"13":{"start":{"line":22,"column":8},"end":{"line":22,"column":34}},"14":{"start":{"line":23,"column":8},"end":{"line":23,"column":30}},"15":{"start":{"line":26,"column":4},"end":{"line":28,"column":27}},"16":{"start":{"line":27,"column":8},"end":{"line":27,"column":37}},"17":{"start":{"line":30,"column":4},"end":{"line":46,"column":5}},"18":{"start":{"line":34,"column":31},"end":{"line":34,"column":55}},"19":{"start":{"line":38,"column":20},"end":{"line":38,"column":93}}},"fnMap":{"0":{"name":"(anonymous_0)","decl":{"start":{"line":4,"column":19},"end":{"line":4,"column":20}},"loc":{"start":{"line":4,"column":71},"end":{"line":47,"column":1}},"line":4},"1":{"name":"(anonymous_1)","decl":{"start":{"line":8,"column":31},"end":{"line":8,"column":32}},"loc":{"start":{"line":8,"column":42},"end":{"line":18,"column":5}},"line":8},"2":{"name":"(anonymous_2)","decl":{"start":{"line":10,"column":69},"end":{"line":10,"column":70}},"loc":{"start":{"line":10,"column":83},"end":{"line":12,"column":9}},"line":10},"3":{"name":"(anonymous_3)","decl":{"start":{"line":19,"column":30},"end":{"line":19,"column":31}},"loc":{"start":{"line":19,"column":41},"end":{"line":25,"column":5}},"line":19},"4":{"name":"(anonymous_4)","decl":{"start":{"line":26,"column":14},"end":{"line":26,"column":15}},"loc":{"start":{"line":26,"column":20},"end":{"line":28,"column":5}},"line":26},"5":{"name":"(anonymous_5)","decl":{"start":{"line":34,"column":25},"end":{"line":34,"column":26}},"loc":{"start":{"line":34,"column":31},"end":{"line":34,"column":55}},"line":34},"6":{"name":"(anonymous_6)","decl":{"start":{"line":37,"column":33},"end":{"line":37,"column":34}},"loc":{"start":{"line":37,"column":49},"end":{"line":39,"column":17}},"line":37}},"branchMap":{"0":{"loc":{"start":{"line":10,"column":34},"end":{"line":12,"column":15}},"type":"cond-expr","locations":[{"start":{"line":10,"column":49},"end":{"line":12,"column":10}},{"start":{"line":12,"column":13},"end":{"line":12,"column":15}}],"line":10},"1":{"loc":{"start":{"line":36,"column":13},"end":{"line":43,"column":24}},"type":"cond-expr","locations":[{"start":{"line":36,"column":31},"end":{"line":43,"column":17}},{"start":{"line":43,"column":20},"end":{"line":43,"column":24}}],"line":36}},"s":{"0":3,"1":57,"2":57,"3":57,"4":57,"5":18,"6":18,"7":36,"8":18,"9":18,"10":57,"11":2,"12":2,"13":2,"14":2,"15":57,"16":16,"17":57,"18":5,"19":26},"f":{"0":57,"1":18,"2":36,"3":2,"4":16,"5":5,"6":26},"b":{"0":[18,0],"1":[25,32]},"_coverageSchema":"1a1c01bbd47fc00a2c39e90264f33305004495a9","hash":"8bbdc13f8eea70297157850db514365454adcb8b"}
,"C:\\Users\\glasm\\OneDrive\\Documents\\Course\\meet\\src\\components\\Event.js": {"path":"C:\\Users\\glasm\\OneDrive\\Documents\\Course\\meet\\src\\components\\Event.js","statementMap":{"0":{"start":{"line":7,"column":14},"end":{"line":23,"column":1}},"1":{"start":{"line":8,"column":42},"end":{"line":8,"column":57}},"2":{"start":{"line":9,"column":4},"end":{"line":22,"column":5}},"3":{"start":{"line":19,"column":16},"end":{"line":19,"column":74}}},"fnMap":{"0":{"name":"(anonymous_0)","decl":{"start":{"line":7,"column":14},"end":{"line":7,"column":15}},"loc":{"start":{"line":7,"column":29},"end":{"line":23,"column":1}},"line":7},"1":{"name":"(anonymous_1)","decl":{"start":{"line":18,"column":53},"end":{"line":18,"column":54}},"loc":{"start":{"line":18,"column":59},"end":{"line":20,"column":13}},"line":18}},"branchMap":{"0":{"loc":{"start":{"line":11,"column":17},"end":{"line":11,"column":39}},"type":"binary-expr","locations":[{"start":{"line":11,"column":17},"end":{"line":11,"column":22}},{"start":{"line":11,"column":26},"end":{"line":11,"column":39}}],"line":11},"1":{"loc":{"start":{"line":12,"column":16},"end":{"line":12,"column":39}},"type":"binary-expr","locations":[{"start":{"line":12,"column":16},"end":{"line":12,"column":21}},{"start":{"line":12,"column":25},"end":{"line":12,"column":39}}],"line":12},"2":{"loc":{"start":{"line":13,"column":16},"end":{"line":13,"column":64}},"type":"binary-expr","locations":[{"start":{"line":13,"column":16},"end":{"line":13,"column":21}},{"start":{"line":13,"column":25},"end":{"line":13,"column":64}}],"line":13},"3":{"loc":{"start":{"line":14,"column":13},"end":{"line":16,"column":20}},"type":"cond-expr","locations":[{"start":{"line":15,"column":16},"end":{"line":15,"column":71}},{"start":{"line":16,"column":16},"end":{"line":16,"column":20}}],"line":14},"4":{"loc":{"start":{"line":15,"column":40},"end":{"line":15,"column":66}},"type":"binary-expr","locations":[{"start":{"line":15,"column":40},"end":{"line":15,"column":45}},{"start":{"line":15,"column":49},"end":{"line":15,"column":66}}],"line":15},"5":{"loc":{"start":{"line":19,"column":16},"end":{"line":19,"column":74}},"type":"cond-expr","locations":[{"start":{"line":19,"column":30},"end":{"line":19,"column":51}},{"start":{"line":19,"column":54},"end":{"line":19,"column":74}}],"line":19},"6":{"loc":{"start":{"line":20,"column":16},"end":{"line":20,"column":61}},"type":"cond-expr","locations":[{"start":{"line":20,"column":30},"end":{"line":20,"column":44}},{"start":{"line":20,"column":47},"end":{"line":20,"column":61}}],"line":20}},"s":{"0":4,"1":188,"2":188,"3":1},"f":{"0":188,"1":1},"b":{"0":[188,188],"1":[188,188],"2":[188,188],"3":[1,187],"4":[1,1],"5":[0,1],"6":[1,187]},"_coverageSchema":"1a1c01bbd47fc00a2c39e90264f33305004495a9","hash":"bb21eea78e39ba70dc52b37a87558c1c513c86bd"}
,"C:\\Users\\glasm\\OneDrive\\Documents\\Course\\meet\\src\\components\\NumberOfEvents.js": {"path":"C:\\Users\\glasm\\OneDrive\\Documents\\Course\\meet\\src\\components\\NumberOfEvents.js","statementMap":{"0":{"start":{"line":4,"column":23},"end":{"line":28,"column":1}},"1":{"start":{"line":7,"column":30},"end":{"line":7,"column":44}},"2":{"start":{"line":10,"column":31},"end":{"line":14,"column":5}},"3":{"start":{"line":11,"column":22},"end":{"line":11,"column":40}},"4":{"start":{"line":12,"column":8},"end":{"line":12,"column":24}},"5":{"start":{"line":13,"column":8},"end":{"line":13,"column":29}},"6":{"start":{"line":16,"column":4},"end":{"line":27,"column":6}}},"fnMap":{"0":{"name":"(anonymous_0)","decl":{"start":{"line":4,"column":23},"end":{"line":4,"column":24}},"loc":{"start":{"line":4,"column":46},"end":{"line":28,"column":1}},"line":4},"1":{"name":"(anonymous_1)","decl":{"start":{"line":10,"column":31},"end":{"line":10,"column":32}},"loc":{"start":{"line":10,"column":42},"end":{"line":14,"column":5}},"line":10}},"branchMap":{},"s":{"0":4,"1":20,"2":20,"3":5,"4":5,"5":5,"6":20},"f":{"0":20,"1":5},"b":{},"_coverageSchema":"1a1c01bbd47fc00a2c39e90264f33305004495a9","hash":"09b6f6581be949f5a0e9d1aaf2602ff66b049763"}
}
