{"C:\\Users\\glasm\\OneDrive\\Documents\\Course\\meet\\src\\App.js": {"path":"C:\\Users\\glasm\\OneDrive\\Documents\\Course\\meet\\src\\App.js","statementMap":{"0":{"start":{"line":7,"column":12},"end":{"line":14,"column":1}},"1":{"start":{"line":8,"column":2},"end":{"line":13,"column":4}}},"fnMap":{"0":{"name":"(anonymous_0)","decl":{"start":{"line":7,"column":12},"end":{"line":7,"column":13}},"loc":{"start":{"line":7,"column":18},"end":{"line":14,"column":1}},"line":7}},"branchMap":{},"s":{"0":1,"1":2},"f":{"0":2},"b":{},"_coverageSchema":"1a1c01bbd47fc00a2c39e90264f33305004495a9","hash":"c0e860b9f1063c0475c731036ea8701cc6b08984"}
,"C:\\Users\\glasm\\OneDrive\\Documents\\Course\\meet\\src\\api.js": {"path":"C:\\Users\\glasm\\OneDrive\\Documents\\Course\\meet\\src\\api.js","statementMap":{"0":{"start":{"line":11,"column":32},"end":{"line":15,"column":1}},"1":{"start":{"line":12,"column":31},"end":{"line":12,"column":68}},"2":{"start":{"line":12,"column":53},"end":{"line":12,"column":67}},"3":{"start":{"line":13,"column":22},"end":{"line":13,"column":54}},"4":{"start":{"line":14,"column":4},"end":{"line":14,"column":21}},"5":{"start":{"line":21,"column":25},"end":{"line":23,"column":1}},"6":{"start":{"line":22,"column":4},"end":{"line":22,"column":20}}},"fnMap":{"0":{"name":"(anonymous_0)","decl":{"start":{"line":11,"column":32},"end":{"line":11,"column":33}},"loc":{"start":{"line":11,"column":44},"end":{"line":15,"column":1}},"line":11},"1":{"name":"(anonymous_1)","decl":{"start":{"line":12,"column":42},"end":{"line":12,"column":43}},"loc":{"start":{"line":12,"column":53},"end":{"line":12,"column":67}},"line":12},"2":{"name":"(anonymous_2)","decl":{"start":{"line":21,"column":25},"end":{"line":21,"column":26}},"loc":{"start":{"line":21,"column":37},"end":{"line":23,"column":1}},"line":21}},"branchMap":{},"s":{"0":4,"1":2,"2":138,"3":2,"4":2,"5":4,"6":4},"f":{"0":2,"1":138,"2":4},"b":{},"_coverageSchema":"1a1c01bbd47fc00a2c39e90264f33305004495a9","hash":"3bbcf5b578395207958af0912ec56474959cca29"}
,"C:\\Users\\glasm\\OneDrive\\Documents\\Course\\meet\\src\\mock-data.js": {"path":"C:\\Users\\glasm\\OneDrive\\Documents\\Course\\meet\\src\\mock-data.js","statementMap":{"0":{"start":{"line":1,"column":17},"end":{"line":3533,"column":1}}},"fnMap":{},"branchMap":{},"s":{"0":4},"f":{},"b":{},"_coverageSchema":"1a1c01bbd47fc00a2c39e90264f33305004495a9","hash":"5d17cb29ad681f46b957a6f2dc6f234a4c244ece"}
,"C:\\Users\\glasm\\OneDrive\\Documents\\Course\\meet\\src\\components\\CitySearch.js": {"path":"C:\\Users\\glasm\\OneDrive\\Documents\\Course\\meet\\src\\components\\CitySearch.js","statementMap":{"0":{"start":{"line":6,"column":19},"end":{"line":47,"column":1}},"1":{"start":{"line":7,"column":50},"end":{"line":7,"column":65}},"2":{"start":{"line":8,"column":30},"end":{"line":8,"column":42}},"3":{"start":{"line":9,"column":42},"end":{"line":9,"column":54}},"4":{"start":{"line":10,"column":31},"end":{"line":17,"column":5}},"5":{"start":{"line":11,"column":22},"end":{"line":11,"column":40}},"6":{"start":{"line":12,"column":34},"end":{"line":14,"column":15}},"7":{"start":{"line":13,"column":12},"end":{"line":13,"column":76}},"8":{"start":{"line":15,"column":8},"end":{"line":15,"column":24}},"9":{"start":{"line":16,"column":8},"end":{"line":16,"column":42}},"10":{"start":{"line":18,"column":30},"end":{"line":22,"column":5}},"11":{"start":{"line":19,"column":22},"end":{"line":19,"column":46}},"12":{"start":{"line":20,"column":8},"end":{"line":20,"column":24}},"13":{"start":{"line":21,"column":8},"end":{"line":21,"column":34}},"14":{"start":{"line":24,"column":4},"end":{"line":46,"column":5}},"15":{"start":{"line":31,"column":31},"end":{"line":31,"column":55}},"16":{"start":{"line":37,"column":24},"end":{"line":37,"column":97}}},"fnMap":{"0":{"name":"(anonymous_0)","decl":{"start":{"line":6,"column":19},"end":{"line":6,"column":20}},"loc":{"start":{"line":6,"column":41},"end":{"line":47,"column":1}},"line":6},"1":{"name":"(anonymous_1)","decl":{"start":{"line":10,"column":31},"end":{"line":10,"column":32}},"loc":{"start":{"line":10,"column":42},"end":{"line":17,"column":5}},"line":10},"2":{"name":"(anonymous_2)","decl":{"start":{"line":12,"column":69},"end":{"line":12,"column":70}},"loc":{"start":{"line":12,"column":83},"end":{"line":14,"column":9}},"line":12},"3":{"name":"(anonymous_3)","decl":{"start":{"line":18,"column":30},"end":{"line":18,"column":31}},"loc":{"start":{"line":18,"column":41},"end":{"line":22,"column":5}},"line":18},"4":{"name":"(anonymous_4)","decl":{"start":{"line":31,"column":25},"end":{"line":31,"column":26}},"loc":{"start":{"line":31,"column":31},"end":{"line":31,"column":55}},"line":31},"5":{"name":"(anonymous_5)","decl":{"start":{"line":36,"column":37},"end":{"line":36,"column":38}},"loc":{"start":{"line":36,"column":53},"end":{"line":38,"column":21}},"line":36}},"branchMap":{"0":{"loc":{"start":{"line":12,"column":34},"end":{"line":14,"column":15}},"type":"cond-expr","locations":[{"start":{"line":12,"column":49},"end":{"line":14,"column":10}},{"start":{"line":14,"column":13},"end":{"line":14,"column":15}}],"line":12},"1":{"loc":{"start":{"line":34,"column":13},"end":{"line":43,"column":22}},"type":"cond-expr","locations":[{"start":{"line":35,"column":16},"end":{"line":42,"column":21}},{"start":{"line":43,"column":18},"end":{"line":43,"column":22}}],"line":34}},"s":{"0":3,"1":25,"2":25,"3":25,"4":25,"5":12,"6":12,"7":180,"8":12,"9":12,"10":25,"11":1,"12":1,"13":1,"14":25,"15":3,"16":20},"f":{"0":25,"1":12,"2":180,"3":1,"4":3,"5":20},"b":{"0":[12,0],"1":[15,10]},"_coverageSchema":"1a1c01bbd47fc00a2c39e90264f33305004495a9","hash":"115c1ff5826847bc1a251d3251e05f0776160567"}
,"C:\\Users\\glasm\\OneDrive\\Documents\\Course\\meet\\src\\components\\Event.js": {"path":"C:\\Users\\glasm\\OneDrive\\Documents\\Course\\meet\\src\\components\\Event.js","statementMap":{"0":{"start":{"line":3,"column":14},"end":{"line":7,"column":1}},"1":{"start":{"line":4,"column":4},"end":{"line":6,"column":6}}},"fnMap":{"0":{"name":"(anonymous_0)","decl":{"start":{"line":3,"column":14},"end":{"line":3,"column":15}},"loc":{"start":{"line":3,"column":20},"end":{"line":7,"column":1}},"line":3}},"branchMap":{},"s":{"0":3,"1":76},"f":{"0":76},"b":{},"_coverageSchema":"1a1c01bbd47fc00a2c39e90264f33305004495a9","hash":"c67b7b4d1501d3145ceaa40234a0b711ddbd34a6"}
,"C:\\Users\\glasm\\OneDrive\\Documents\\Course\\meet\\src\\components\\Eventlist.js": {"path":"C:\\Users\\glasm\\OneDrive\\Documents\\Course\\meet\\src\\components\\Eventlist.js","statementMap":{"0":{"start":{"line":5,"column":18},"end":{"line":13,"column":1}},"1":{"start":{"line":6,"column":4},"end":{"line":12,"column":6}},"2":{"start":{"line":9,"column":36},"end":{"line":9,"column":74}}},"fnMap":{"0":{"name":"(anonymous_0)","decl":{"start":{"line":5,"column":18},"end":{"line":5,"column":19}},"loc":{"start":{"line":5,"column":34},"end":{"line":13,"column":1}},"line":5},"1":{"name":"(anonymous_1)","decl":{"start":{"line":9,"column":27},"end":{"line":9,"column":28}},"loc":{"start":{"line":9,"column":36},"end":{"line":9,"column":74}},"line":9}},"branchMap":{"0":{"loc":{"start":{"line":8,"column":13},"end":{"line":10,"column":20}},"type":"cond-expr","locations":[{"start":{"line":9,"column":16},"end":{"line":9,"column":75}},{"start":{"line":10,"column":16},"end":{"line":10,"column":20}}],"line":8}},"s":{"0":2,"1":5,"2":69},"f":{"0":5,"1":69},"b":{"0":[1,4]},"_coverageSchema":"1a1c01bbd47fc00a2c39e90264f33305004495a9","hash":"f8e77c07e062e37067994921542a4d14895a3676"}
,"C:\\Users\\glasm\\OneDrive\\Documents\\Course\\meet\\src\\components\\NumberOfEvents.js": {"path":"C:\\Users\\glasm\\OneDrive\\Documents\\Course\\meet\\src\\components\\NumberOfEvents.js","statementMap":{"0":{"start":{"line":3,"column":23},"end":{"line":25,"column":1}},"1":{"start":{"line":5,"column":32},"end":{"line":5,"column":44}},"2":{"start":{"line":7,"column":31},"end":{"line":10,"column":5}},"3":{"start":{"line":8,"column":22},"end":{"line":8,"column":40}},"4":{"start":{"line":9,"column":8},"end":{"line":9,"column":25}},"5":{"start":{"line":13,"column":4},"end":{"line":24,"column":6}}},"fnMap":{"0":{"name":"(anonymous_0)","decl":{"start":{"line":3,"column":23},"end":{"line":3,"column":24}},"loc":{"start":{"line":3,"column":32},"end":{"line":25,"column":1}},"line":3},"1":{"name":"(anonymous_1)","decl":{"start":{"line":7,"column":31},"end":{"line":7,"column":32}},"loc":{"start":{"line":7,"column":42},"end":{"line":10,"column":5}},"line":7}},"branchMap":{},"s":{"0":1,"1":11,"2":11,"3":6,"4":6,"5":11},"f":{"0":11,"1":6},"b":{},"_coverageSchema":"1a1c01bbd47fc00a2c39e90264f33305004495a9","hash":"88450299977f8e1e39b6ee668c977d8bcc02f88f"}
}
