TN:
SF:src\App.js
FN:10,(anonymous_0)
FN:19,(anonymous_1)
FN:28,(anonymous_2)
FN:30,(anonymous_3)
FNF:4
FNH:4
FNDA:13,(anonymous_0)
FNDA:7,(anonymous_1)
FNDA:7,(anonymous_2)
FNDA:35,(anonymous_3)
DA:10,3
DA:11,13
DA:12,11
DA:13,11
DA:14,11
DA:19,11
DA:20,7
DA:21,7
DA:23,0
DA:25,7
DA:28,11
DA:29,7
DA:30,35
DA:31,7
DA:32,7
DA:35,11
LF:16
LH:15
BRDA:20,0,0,7
BRDA:20,0,1,0
BRDA:30,1,0,6
BRDA:30,1,1,1
BRF:4
BRH:3
end_of_record
TN:
SF:src\api.js
FN:11,(anonymous_0)
FN:12,(anonymous_1)
FN:29,(anonymous_2)
FN:54,(anonymous_3)
FN:64,(anonymous_4)
FN:82,(anonymous_5)
FN:97,(anonymous_6)
FNF:7
FNH:3
FNDA:10,(anonymous_0)
FNDA:350,(anonymous_1)
FNDA:0,(anonymous_2)
FNDA:0,(anonymous_3)
FNDA:13,(anonymous_4)
FNDA:0,(anonymous_5)
FNDA:0,(anonymous_6)
DA:11,5
DA:12,350
DA:13,10
DA:14,10
DA:29,5
DA:31,0
DA:33,0
DA:35,0
DA:36,0
DA:37,0
DA:38,0
DA:39,0
DA:40,0
DA:43,0
DA:44,0
DA:45,0
DA:47,0
DA:49,0
DA:54,5
DA:55,0
DA:58,0
DA:59,0
DA:64,5
DA:65,13
DA:66,13
DA:69,0
DA:71,0
DA:72,0
DA:73,0
DA:74,0
DA:75,0
DA:76,0
DA:77,0
DA:78,0
DA:82,5
DA:84,0
DA:85,0
DA:90,0
DA:92,0
DA:93,0
DA:97,5
DA:98,0
DA:99,0
DA:102,0
DA:103,0
DA:105,0
LF:46
LH:11
BRDA:33,0,0,0
BRDA:33,0,1,0
BRDA:35,1,0,0
BRDA:35,1,1,0
BRDA:35,2,0,0
BRDA:35,2,1,0
BRDA:39,3,0,0
BRDA:39,3,1,0
BRDA:47,4,0,0
BRDA:47,4,1,0
BRDA:65,5,0,13
BRDA:65,5,1,0
BRDA:71,6,0,0
BRDA:71,6,1,0
BRDA:76,7,0,0
BRDA:76,7,1,0
BRDA:84,8,0,0
BRDA:84,8,1,0
BRDA:84,9,0,0
BRDA:84,9,1,0
BRDA:103,10,0,0
BRDA:103,10,1,0
BRF:22
BRH:1
end_of_record
TN:
SF:src\mock-data.js
FNF:0
FNH:0
DA:3,5
LF:1
LH:1
BRF:0
BRH:0
end_of_record
TN:
SF:src\components\CitySearch.js
FN:4,(anonymous_0)
FN:8,(anonymous_1)
FN:10,(anonymous_2)
FN:19,(anonymous_3)
FN:26,(anonymous_4)
FN:34,(anonymous_5)
FN:37,(anonymous_6)
FNF:7
FNH:7
FNDA:57,(anonymous_0)
FNDA:18,(anonymous_1)
FNDA:36,(anonymous_2)
FNDA:2,(anonymous_3)
FNDA:16,(anonymous_4)
FNDA:5,(anonymous_5)
FNDA:26,(anonymous_6)
DA:4,3
DA:5,57
DA:6,57
DA:7,57
DA:8,57
DA:9,18
DA:10,18
DA:11,36
DA:14,18
DA:15,18
DA:19,57
DA:20,2
DA:21,2
DA:22,2
DA:23,2
DA:26,57
DA:27,16
DA:30,57
DA:34,5
DA:38,26
LF:20
LH:20
BRDA:10,0,0,18
BRDA:10,0,1,0
BRDA:36,1,0,25
BRDA:36,1,1,32
BRF:4
BRH:3
end_of_record
TN:
SF:src\components\Event.js
FN:7,(anonymous_0)
FN:18,(anonymous_1)
FNF:2
FNH:2
FNDA:188,(anonymous_0)
FNDA:1,(anonymous_1)
DA:7,4
DA:8,188
DA:9,188
DA:19,1
LF:4
LH:4
BRDA:11,0,0,188
BRDA:11,0,1,188
BRDA:12,1,0,188
BRDA:12,1,1,188
BRDA:13,2,0,188
BRDA:13,2,1,188
BRDA:14,3,0,1
BRDA:14,3,1,187
BRDA:15,4,0,1
BRDA:15,4,1,1
BRDA:19,5,0,0
BRDA:19,5,1,1
BRDA:20,6,0,1
BRDA:20,6,1,187
BRF:14
BRH:13
end_of_record
TN:
SF:src\components\NumberOfEvents.js
FN:4,(anonymous_0)
FN:10,(anonymous_1)
FNF:2
FNH:2
FNDA:20,(anonymous_0)
FNDA:5,(anonymous_1)
DA:4,4
DA:7,20
DA:10,20
DA:11,5
DA:12,5
DA:13,5
DA:16,20
LF:7
LH:7
BRF:0
BRH:0
end_of_record
