TN:
SF:src\App.js
FN:7,(anonymous_0)
FNF:1
FNH:1
FNDA:2,(anonymous_0)
DA:7,1
DA:8,2
LF:2
LH:2
BRF:0
BRH:0
end_of_record
TN:
SF:src\api.js
FN:11,(anonymous_0)
FN:12,(anonymous_1)
FN:21,(anonymous_2)
FNF:3
FNH:3
FNDA:2,(anonymous_0)
FNDA:138,(anonymous_1)
FNDA:4,(anonymous_2)
DA:11,4
DA:12,138
DA:13,2
DA:14,2
DA:21,4
DA:22,4
LF:6
LH:6
BRF:0
BRH:0
end_of_record
TN:
SF:src\mock-data.js
FNF:0
FNH:0
DA:1,4
LF:1
LH:1
BRF:0
BRH:0
end_of_record
TN:
SF:src\components\CitySearch.js
FN:6,(anonymous_0)
FN:10,(anonymous_1)
FN:12,(anonymous_2)
FN:18,(anonymous_3)
FN:31,(anonymous_4)
FN:36,(anonymous_5)
FNF:6
FNH:6
FNDA:25,(anonymous_0)
FNDA:12,(anonymous_1)
FNDA:180,(anonymous_2)
FNDA:1,(anonymous_3)
FNDA:3,(anonymous_4)
FNDA:20,(anonymous_5)
DA:6,3
DA:7,25
DA:8,25
DA:9,25
DA:10,25
DA:11,12
DA:12,12
DA:13,180
DA:15,12
DA:16,12
DA:18,25
DA:19,1
DA:20,1
DA:21,1
DA:24,25
DA:31,3
DA:37,20
LF:17
LH:17
BRDA:12,0,0,12
BRDA:12,0,1,0
BRDA:34,1,0,15
BRDA:34,1,1,10
BRF:4
BRH:3
end_of_record
TN:
SF:src\components\Event.js
FN:3,(anonymous_0)
FNF:1
FNH:1
FNDA:76,(anonymous_0)
DA:3,3
DA:4,76
LF:2
LH:2
BRF:0
BRH:0
end_of_record
TN:
SF:src\components\Eventlist.js
FN:5,(anonymous_0)
FN:9,(anonymous_1)
FNF:2
FNH:2
FNDA:5,(anonymous_0)
FNDA:69,(anonymous_1)
DA:5,2
DA:6,5
DA:9,69
LF:3
LH:3
BRDA:8,0,0,1
BRDA:8,0,1,4
BRF:2
BRH:2
end_of_record
TN:
SF:src\components\NumberOfEvents.js
FN:3,(anonymous_0)
FN:7,(anonymous_1)
FNF:2
FNH:2
FNDA:11,(anonymous_0)
FNDA:6,(anonymous_1)
DA:3,1
DA:5,11
DA:7,11
DA:8,6
DA:9,6
DA:13,11
LF:6
LH:6
BRF:0
BRH:0
end_of_record
